<?xml version="1.0" encoding="UTF-8"?>
<!-- Generated by org.testng.reporters.JUnitReportReporter -->
<testsuite hostname="haris-MacBook-Air.local" failures="0" tests="3" name="com.crm.qa.test.HomePageTest" time="45.597" errors="0" timestamp="18 Dec 2018 15:28:34 GMT" skipped="0">
  <testcase classname="com.crm.qa.test.HomePageTest" name="gettitleofHomepage" time="13.163"/>
  <testcase classname="com.crm.qa.test.HomePageTest" name="ClickOnContactslink" time="16.911"/>
  <testcase classname="com.crm.qa.test.HomePageTest" name="clickonNewContacts" time="15.523"/>
</testsuite> <!-- com.crm.qa.test.HomePageTest -->
