<?xml version="1.0" encoding="UTF-8"?>
<!-- Generated by org.testng.reporters.JUnitReportReporter -->
<testsuite hostname="haris-MacBook-Air.local" failures="0" tests="2" name="com.crm.qa.test.ContactsPageTest" time="43.046" errors="0" timestamp="18 Dec 2018 15:28:34 GMT" skipped="0">
  <testcase classname="com.crm.qa.test.ContactsPageTest" name="CreateNewContact" time="21.935"/>
  <testcase classname="com.crm.qa.test.ContactsPageTest" name="CreateNewContact" time="21.111"/>
</testsuite> <!-- com.crm.qa.test.ContactsPageTest -->
